C:\USERS\FARJAD\DESKTOP\MYPRO\DEBUG\MYPRO.EXE
C:\USERS\FARJAD\DESKTOP\MYPRO\DEBUG\MYPRO.ILK
C:\USERS\FARJAD\DESKTOP\MYPRO\DEBUG\MYPRO.PDB
C:\USERS\FARJAD\DESKTOP\MYPRO\MYPRO\DEBUG\.NETFRAMEWORK,VERSION=V4.0.ASSEMBLYATTRIBUTES.OBJ
C:\USERS\FARJAD\DESKTOP\MYPRO\MYPRO\DEBUG\APP.RES
C:\USERS\FARJAD\DESKTOP\MYPRO\MYPRO\DEBUG\ASSEMBLYINFO.OBJ
C:\USERS\FARJAD\DESKTOP\MYPRO\MYPRO\DEBUG\BILL.OBJ
C:\USERS\FARJAD\DESKTOP\MYPRO\MYPRO\DEBUG\CHECKBOX.OBJ
C:\Users\Farjad\Desktop\mypro\mypro\Debug\cl.command.1.tlog
C:\Users\Farjad\Desktop\mypro\mypro\Debug\CL.read.1.tlog
C:\Users\Farjad\Desktop\mypro\mypro\Debug\CL.write.1.tlog
C:\USERS\FARJAD\DESKTOP\MYPRO\MYPRO\DEBUG\CUSTOMREC.OBJ
C:\USERS\FARJAD\DESKTOP\MYPRO\MYPRO\DEBUG\DELREC.OBJ
C:\USERS\FARJAD\DESKTOP\MYPRO\MYPRO\DEBUG\FOOD.OBJ
C:\Users\Farjad\Desktop\mypro\mypro\Debug\link.5040.read.1.tlog
C:\Users\Farjad\Desktop\mypro\mypro\Debug\link.5040.write.1.tlog
C:\Users\Farjad\Desktop\mypro\mypro\Debug\link.5040-cvtres.read.1.tlog
C:\Users\Farjad\Desktop\mypro\mypro\Debug\link.5040-cvtres.write.1.tlog
C:\Users\Farjad\Desktop\mypro\mypro\Debug\link.command.1.tlog
C:\Users\Farjad\Desktop\mypro\mypro\Debug\link.read.1.tlog
C:\Users\Farjad\Desktop\mypro\mypro\Debug\link.write.1.tlog
C:\USERS\FARJAD\DESKTOP\MYPRO\MYPRO\DEBUG\MDI.OBJ
C:\Users\Farjad\Desktop\mypro\mypro\Debug\metagen.read.1.tlog
C:\USERS\FARJAD\DESKTOP\MYPRO\MYPRO\DEBUG\METAGEN.WRITE.1.TLOG
C:\Users\Farjad\Desktop\mypro\mypro\Debug\MICROSOFT.VISUALBASIC.POWERPACKS.VS.DLL.metagen
C:\Users\Farjad\Desktop\mypro\mypro\Debug\mt.command.1.tlog
C:\Users\Farjad\Desktop\mypro\mypro\Debug\mt.read.1.tlog
C:\Users\Farjad\Desktop\mypro\mypro\Debug\mt.write.1.tlog
C:\Users\Farjad\Desktop\mypro\mypro\Debug\mypro.bill.resources
C:\Users\Farjad\Desktop\mypro\mypro\Debug\mypro.checkbox.resources
C:\Users\Farjad\Desktop\mypro\mypro\Debug\mypro.customrec.resources
C:\Users\Farjad\Desktop\mypro\mypro\Debug\mypro.delrec.resources
C:\USERS\FARJAD\DESKTOP\MYPRO\MYPRO\DEBUG\MYPRO.EXE.INTERMEDIATE.MANIFEST
C:\Users\Farjad\Desktop\mypro\mypro\Debug\mypro.food.resources
C:\Users\Farjad\Desktop\mypro\mypro\Debug\mypro.Form1.resources
C:\Users\Farjad\Desktop\mypro\mypro\Debug\mypro.mdi.resources
C:\USERS\FARJAD\DESKTOP\MYPRO\MYPRO\DEBUG\MYPRO.OBJ
C:\USERS\FARJAD\DESKTOP\MYPRO\MYPRO\DEBUG\MYPRO.PCH
C:\Users\Farjad\Desktop\mypro\mypro\Debug\mypro.signup.resources
C:\Users\Farjad\Desktop\mypro\mypro\Debug\mypro.start.resources
C:\Users\Farjad\Desktop\mypro\mypro\Debug\mypro.thanks.resources
C:\Users\Farjad\Desktop\mypro\mypro\Debug\mypro.update.resources
C:\Users\Farjad\Desktop\mypro\mypro\Debug\mypro.vcxproj.GenerateResource.Cache
C:\Users\Farjad\Desktop\mypro\mypro\Debug\mypro.view.resources
C:\Users\Farjad\Desktop\mypro\mypro\Debug\mypro.welco.resources
C:\Users\Farjad\Desktop\mypro\mypro\Debug\mypro.write.1.tlog
C:\Users\Farjad\Desktop\mypro\mypro\Debug\MYSQL.DATA.DLL.metagen
C:\Users\Farjad\Desktop\mypro\mypro\Debug\rc.command.1.tlog
C:\Users\Farjad\Desktop\mypro\mypro\Debug\rc.read.1.tlog
C:\Users\Farjad\Desktop\mypro\mypro\Debug\rc.write.1.tlog
C:\USERS\FARJAD\DESKTOP\MYPRO\MYPRO\DEBUG\SIGNUP.OBJ
C:\USERS\FARJAD\DESKTOP\MYPRO\MYPRO\DEBUG\START.OBJ
C:\USERS\FARJAD\DESKTOP\MYPRO\MYPRO\DEBUG\STDAFX.OBJ
C:\USERS\FARJAD\DESKTOP\MYPRO\MYPRO\DEBUG\THANKS.OBJ
C:\Users\Farjad\Desktop\mypro\mypro\Debug\TZRES.DLL.bi
C:\USERS\FARJAD\DESKTOP\MYPRO\MYPRO\DEBUG\UPDATE.OBJ
C:\USERS\FARJAD\DESKTOP\MYPRO\MYPRO\DEBUG\VC100.PDB
C:\USERS\FARJAD\DESKTOP\MYPRO\MYPRO\DEBUG\VIEW.OBJ
C:\USERS\FARJAD\DESKTOP\MYPRO\MYPRO\DEBUG\WELCO.OBJ
